[    1355ms] [ERROR] Failed to load resource: the server responded with a status of 404 () @ https://rybbit.twir.app/api/site/tracking-config/8eaa535a44ba:0
[    1356ms] [WARNING] Failed to fetch tracking config from API, using defaults @ https://rybbit.twir.app/api/script.js:0
[    1508ms] [ERROR] Failed to load resource: the server responded with a status of 404 () @ https://rybbit.twir.app/api/track:0
[    2506ms] [INFO] <Suspense> is an experimental feature and its API will likely change. @ http://localhost:3010/_nuxt/@fs/home/satont/Projects/twir/node_modules/.bun/@vue+runtime-core@3.5.25/node_modules/@vue/runtime-core/dist/runtime-core.esm-bundler.js?v=0fedc7cd:7129
[    2563ms] [LOG] ✨ %cNuxt DevTools %c Press Shift + Alt + D to open DevTools color: black; border-radius: 3px 0 0 3px; padding: 2px 2px 1px 10px; background: #00DC82 border-radius: 0 3px 3px 0; padding: 2px 10px 1px 2px; background: #00DC8220  @ http://localhost:3010/_nuxt/@fs/home/satont/Projects/twir/node_modules/.bun/@nuxt+devtools@3.2.3+2bb41f1a115097e6/node_modules/@nuxt/devtools/dist/runtime/plugins/devtools.client.js?v=0fedc7cd:51
[    2605ms] [LOG] 🍍 "auth-store" store installed 🆕 @ http://localhost:3010/_nuxt/@fs/home/satont/Projects/twir/node_modules/.bun/pinia@3.0.4+f899f459d7ee6a31/node_modules/pinia/dist/pinia.mjs?v=0fedc7cd:185
[    2605ms] [LOG] 🍍 "landing-stats" store installed 🆕 @ http://localhost:3010/_nuxt/@fs/home/satont/Projects/twir/node_modules/.bun/pinia@3.0.4+f899f459d7ee6a31/node_modules/pinia/dist/pinia.mjs?v=0fedc7cd:185
[    3076ms] [ERROR] Failed to load resource: the server responded with a status of 404 () @ https://rybbit.twir.app/api/track:0
[   12545ms] [ERROR] Failed to load resource: the server responded with a status of 404 (Page not found: /api/query?query=query+AuthLink($redirectTo:+String!)+{%0A++authLink(redirectTo:+$redirectTo)%0A}&operationName=AuthLink&variables={%22redirectTo%22:%22/dashboard%22}) @ http://localhost:3010/api/query?query=query+AuthLink%28%24redirectTo%3A+String%21%29+%7B%0A++authLink%28redirectTo%3A+%24redirectTo%29%0A%7D&operationName=AuthLink&variables=%7B%22redirectTo%22%3A%22%2Fdashboard%22%7D:0
[   12621ms] [ERROR] Failed to load resource: the server responded with a status of 404 (Page not found: /undefined) @ http://localhost:3010/undefined:0
[   12711ms] [ERROR] Failed to load resource: the server responded with a status of 404 () @ https://rybbit.twir.app/api/site/tracking-config/8eaa535a44ba:0
[   12711ms] [WARNING] Failed to fetch tracking config from API, using defaults @ https://rybbit.twir.app/api/script.js:0
[   12774ms] [WARNING] An iframe which has both allow-scripts and allow-same-origin for its sandbox attribute can escape its sandboxing. @ http://localhost:3010/undefined:469
[   12921ms] [ERROR] Failed to load resource: the server responded with a status of 404 () @ https://rybbit.twir.app/api/track:0
[   13208ms] [WARNING] [Vue Router warn]: No match found for location with path "/undefined" @ http://localhost:3010/_nuxt/@fs/home/satont/Projects/twir/node_modules/.bun/vue-router@4.6.4+f899f459d7ee6a31/node_modules/vue-router/dist/devtools-EWN81iOl.mjs?v=0fedc7cd:34
[   13209ms] [WARNING] %cssr:warn%c [Vue Router warn]: No match found for location with path "/undefined" 
      background: #f39c12;
      border-radius: 0.5em;
      color: white;
      font-weight: bold;
      padding: 2px 0.5em;
      
  at warn$1 (/home/satont/Projects/twir/node_modules/.bun/vue-router@4.6.4+f899f459d7ee6a31/node_modules/vue-router/dist/devtools-EWN81iOl.mjs)
  at resolve (/home/satont/Projects/twir/node_modules/.bun/vue-router@4.6.4+f899f459d7ee6a31/node_modules/vue-router/dist/vue-router.mjs)
  at pushWithRedirect (/home/satont/Projects/twir/node_modules/.bun/vue-router@4.6.4+f899f459d7ee6a31/node_modules/vue-router/dist/vue-router.mjs)
  at executeAsync (/home/satont/Projects/twir/node_modules/.bun/unctx@2.5.0/node_modules/unctx/dist/index.mjs)
 @ http://localhost:3010/_nuxt/@fs/home/satont/Projects/twir/node_modules/.bun/consola@3.4.2/node_modules/consola/dist/browser.mjs?v=0fedc7cd:47
[   13209ms] [WARNING] %cssr:warn%c [Vue Router warn]: No match found for location with path "/undefined" 
      background: #f39c12;
      border-radius: 0.5em;
      color: white;
      font-weight: bold;
      padding: 2px 0.5em;
      
  at warn$1 (/home/satont/Projects/twir/node_modules/.bun/vue-router@4.6.4+f899f459d7ee6a31/node_modules/vue-router/dist/devtools-EWN81iOl.mjs)
  at resolve (/home/satont/Projects/twir/node_modules/.bun/vue-router@4.6.4+f899f459d7ee6a31/node_modules/vue-router/dist/vue-router.mjs)
  at pushWithRedirect (/home/satont/Projects/twir/node_modules/.bun/vue-router@4.6.4+f899f459d7ee6a31/node_modules/vue-router/dist/vue-router.mjs)
 @ http://localhost:3010/_nuxt/@fs/home/satont/Projects/twir/node_modules/.bun/consola@3.4.2/node_modules/consola/dist/browser.mjs?v=0fedc7cd:47
[   13212ms] [WARNING] [Vue Router warn]: No match found for location with path "/undefined" @ http://localhost:3010/_nuxt/@fs/home/satont/Projects/twir/node_modules/.bun/vue-router@4.6.4+f899f459d7ee6a31/node_modules/vue-router/dist/devtools-EWN81iOl.mjs?v=0fedc7cd:34
[   13213ms] [INFO] <Suspense> is an experimental feature and its API will likely change. @ http://localhost:3010/_nuxt/@fs/home/satont/Projects/twir/node_modules/.bun/@vue+runtime-core@3.5.25/node_modules/@vue/runtime-core/dist/runtime-core.esm-bundler.js?v=0fedc7cd:7129
[   13325ms] [LOG] ✨ %cNuxt DevTools %c Press Shift + Alt + D to open DevTools color: black; border-radius: 3px 0 0 3px; padding: 2px 2px 1px 10px; background: #00DC82 border-radius: 0 3px 3px 0; padding: 2px 10px 1px 2px; background: #00DC8220  @ http://localhost:3010/_nuxt/@fs/home/satont/Projects/twir/node_modules/.bun/@nuxt+devtools@3.2.3+2bb41f1a115097e6/node_modules/@nuxt/devtools/dist/runtime/plugins/devtools.client.js?v=0fedc7cd:51
[   13786ms] [ERROR] Failed to load resource: the server responded with a status of 404 () @ https://rybbit.twir.app/api/track:0
[  100089ms] [LOG] [vite] server connection lost. Polling for restart... @ http://localhost:3010/_nuxt/@vite/client:864
[  360522ms] [ERROR] Failed to load resource: the server responded with a status of 404 (Page not found: /undefined) @ http://localhost:3010/undefined:0
[  360967ms] [ERROR] Failed to load resource: the server responded with a status of 404 () @ https://rybbit.twir.app/api/site/tracking-config/8eaa535a44ba:0
[  360967ms] [WARNING] Failed to fetch tracking config from API, using defaults @ https://rybbit.twir.app/api/script.js:0
[  360978ms] [WARNING] An iframe which has both allow-scripts and allow-same-origin for its sandbox attribute can escape its sandboxing. @ http://localhost:3010/undefined:469
[  361112ms] [ERROR] Failed to load resource: the server responded with a status of 404 () @ https://rybbit.twir.app/api/track:0
[  364727ms] [WARNING] [Vue Router warn]: No match found for location with path "/undefined" @ http://localhost:3010/_nuxt/@fs/home/satont/Projects/twir/node_modules/.bun/vue-router@4.6.4+f899f459d7ee6a31/node_modules/vue-router/dist/devtools-EWN81iOl.mjs?v=355e4bb7:34
[  364729ms] [WARNING] %cssr:warn%c [Vue Router warn]: No match found for location with path "/undefined" 
      background: #f39c12;
      border-radius: 0.5em;
      color: white;
      font-weight: bold;
      padding: 2px 0.5em;
      
  at warn$1 (/home/satont/Projects/twir/node_modules/.bun/vue-router@4.6.4+f899f459d7ee6a31/node_modules/vue-router/dist/devtools-EWN81iOl.mjs)
  at resolve (/home/satont/Projects/twir/node_modules/.bun/vue-router@4.6.4+f899f459d7ee6a31/node_modules/vue-router/dist/vue-router.mjs)
  at pushWithRedirect (/home/satont/Projects/twir/node_modules/.bun/vue-router@4.6.4+f899f459d7ee6a31/node_modules/vue-router/dist/vue-router.mjs)
  at executeAsync (/home/satont/Projects/twir/node_modules/.bun/unctx@2.5.0/node_modules/unctx/dist/index.mjs)
 @ http://localhost:3010/_nuxt/@fs/home/satont/Projects/twir/node_modules/.bun/consola@3.4.2/node_modules/consola/dist/browser.mjs?v=355e4bb7:47
[  364729ms] [WARNING] %cssr:warn%c [Vue Router warn]: No match found for location with path "/undefined" 
      background: #f39c12;
      border-radius: 0.5em;
      color: white;
      font-weight: bold;
      padding: 2px 0.5em;
      
  at warn$1 (/home/satont/Projects/twir/node_modules/.bun/vue-router@4.6.4+f899f459d7ee6a31/node_modules/vue-router/dist/devtools-EWN81iOl.mjs)
  at resolve (/home/satont/Projects/twir/node_modules/.bun/vue-router@4.6.4+f899f459d7ee6a31/node_modules/vue-router/dist/vue-router.mjs)
  at pushWithRedirect (/home/satont/Projects/twir/node_modules/.bun/vue-router@4.6.4+f899f459d7ee6a31/node_modules/vue-router/dist/vue-router.mjs)
 @ http://localhost:3010/_nuxt/@fs/home/satont/Projects/twir/node_modules/.bun/consola@3.4.2/node_modules/consola/dist/browser.mjs?v=355e4bb7:47
[  364737ms] [WARNING] [Vue Router warn]: No match found for location with path "/undefined" @ http://localhost:3010/_nuxt/@fs/home/satont/Projects/twir/node_modules/.bun/vue-router@4.6.4+f899f459d7ee6a31/node_modules/vue-router/dist/devtools-EWN81iOl.mjs?v=355e4bb7:34
[  364741ms] [INFO] <Suspense> is an experimental feature and its API will likely change. @ http://localhost:3010/_nuxt/@fs/home/satont/Projects/twir/node_modules/.bun/@vue+runtime-core@3.5.25/node_modules/@vue/runtime-core/dist/runtime-core.esm-bundler.js?v=355e4bb7:7129
[  364872ms] [LOG] ✨ %cNuxt DevTools %c Press Shift + Alt + D to open DevTools color: black; border-radius: 3px 0 0 3px; padding: 2px 2px 1px 10px; background: #00DC82 border-radius: 0 3px 3px 0; padding: 2px 10px 1px 2px; background: #00DC8220  @ http://localhost:3010/_nuxt/@fs/home/satont/Projects/twir/node_modules/.bun/@nuxt+devtools@3.2.3+2bb41f1a115097e6/node_modules/@nuxt/devtools/dist/runtime/plugins/devtools.client.js?v=355e4bb7:51
[  365314ms] [ERROR] Failed to load resource: the server responded with a status of 404 () @ https://rybbit.twir.app/api/track:0
