[     381ms] [ERROR] Failed to load resource: the server responded with a status of 404 () @ https://rybbit.twir.app/api/site/tracking-config/8eaa535a44ba:0
[     381ms] [WARNING] Failed to fetch tracking config from API, using defaults @ https://rybbit.twir.app/api/script.js:0
[     593ms] [ERROR] Failed to load resource: the server responded with a status of 404 () @ https://rybbit.twir.app/api/track:0
[     762ms] [INFO] <Suspense> is an experimental feature and its API will likely change. @ http://localhost:3010/_nuxt/@fs/home/satont/Projects/twir/node_modules/.bun/@vue+runtime-core@3.5.25/node_modules/@vue/runtime-core/dist/runtime-core.esm-bundler.js?v=355e4bb7:7129
[     787ms] [LOG] ✨ %cNuxt DevTools %c Press Shift + Alt + D to open DevTools color: black; border-radius: 3px 0 0 3px; padding: 2px 2px 1px 10px; background: #00DC82 border-radius: 0 3px 3px 0; padding: 2px 10px 1px 2px; background: #00DC8220  @ http://localhost:3010/_nuxt/@fs/home/satont/Projects/twir/node_modules/.bun/@nuxt+devtools@3.2.3+2bb41f1a115097e6/node_modules/@nuxt/devtools/dist/runtime/plugins/devtools.client.js?v=355e4bb7:51
[     827ms] [LOG] 🍍 "auth-store" store installed 🆕 @ http://localhost:3010/_nuxt/@fs/home/satont/Projects/twir/node_modules/.bun/pinia@3.0.4+f899f459d7ee6a31/node_modules/pinia/dist/pinia.mjs?v=355e4bb7:185
[     827ms] [LOG] 🍍 "landing-stats" store installed 🆕 @ http://localhost:3010/_nuxt/@fs/home/satont/Projects/twir/node_modules/.bun/pinia@3.0.4+f899f459d7ee6a31/node_modules/pinia/dist/pinia.mjs?v=355e4bb7:185
[     959ms] [ERROR] Failed to load resource: the server responded with a status of 404 () @ https://rybbit.twir.app/api/identify:0
[    1330ms] [ERROR] Failed to load resource: the server responded with a status of 404 () @ https://rybbit.twir.app/api/track:0
[   28070ms] [ERROR] Failed to load resource: the server responded with a status of 404 () @ https://rybbit.twir.app/api/site/tracking-config/8eaa535a44ba:0
[   28071ms] [WARNING] Failed to fetch tracking config from API, using defaults @ https://rybbit.twir.app/api/script.js:0
[   28256ms] [ERROR] Failed to load resource: the server responded with a status of 404 () @ https://rybbit.twir.app/api/track:0
[   28489ms] [INFO] <Suspense> is an experimental feature and its API will likely change. @ http://localhost:3010/_nuxt/@fs/home/satont/Projects/twir/node_modules/.bun/@vue+runtime-core@3.5.25/node_modules/@vue/runtime-core/dist/runtime-core.esm-bundler.js?v=355e4bb7:7129
[   28520ms] [LOG] ✨ %cNuxt DevTools %c Press Shift + Alt + D to open DevTools color: black; border-radius: 3px 0 0 3px; padding: 2px 2px 1px 10px; background: #00DC82 border-radius: 0 3px 3px 0; padding: 2px 10px 1px 2px; background: #00DC8220  @ http://localhost:3010/_nuxt/@fs/home/satont/Projects/twir/node_modules/.bun/@nuxt+devtools@3.2.3+2bb41f1a115097e6/node_modules/@nuxt/devtools/dist/runtime/plugins/devtools.client.js?v=355e4bb7:51
[   28700ms] [ERROR] Failed to load resource: the server responded with a status of 404 (Page not found: /dashboard) @ http://localhost:3010/dashboard:0
[   28789ms] [ERROR] Failed to load resource: the server responded with a status of 404 () @ https://rybbit.twir.app/api/site/tracking-config/8eaa535a44ba:0
[   28789ms] [WARNING] Failed to fetch tracking config from API, using defaults @ https://rybbit.twir.app/api/script.js:0
[   28834ms] [WARNING] An iframe which has both allow-scripts and allow-same-origin for its sandbox attribute can escape its sandboxing. @ http://localhost:3010/dashboard:469
[   28862ms] [ERROR] Failed to load resource: the server responded with a status of 404 () @ https://rybbit.twir.app/api/track:0
[   28962ms] [WARNING] [Vue Router warn]: No match found for location with path "/dashboard" @ http://localhost:3010/_nuxt/@fs/home/satont/Projects/twir/node_modules/.bun/vue-router@4.6.4+f899f459d7ee6a31/node_modules/vue-router/dist/devtools-EWN81iOl.mjs?v=355e4bb7:34
[   28963ms] [WARNING] %cssr:warn%c [Vue Router warn]: No match found for location with path "/dashboard" 
      background: #f39c12;
      border-radius: 0.5em;
      color: white;
      font-weight: bold;
      padding: 2px 0.5em;
      
  at warn$1 (/home/satont/Projects/twir/node_modules/.bun/vue-router@4.6.4+f899f459d7ee6a31/node_modules/vue-router/dist/devtools-EWN81iOl.mjs)
  at resolve (/home/satont/Projects/twir/node_modules/.bun/vue-router@4.6.4+f899f459d7ee6a31/node_modules/vue-router/dist/vue-router.mjs)
  at pushWithRedirect (/home/satont/Projects/twir/node_modules/.bun/vue-router@4.6.4+f899f459d7ee6a31/node_modules/vue-router/dist/vue-router.mjs)
  at executeAsync (/home/satont/Projects/twir/node_modules/.bun/unctx@2.5.0/node_modules/unctx/dist/index.mjs)
 @ http://localhost:3010/_nuxt/@fs/home/satont/Projects/twir/node_modules/.bun/consola@3.4.2/node_modules/consola/dist/browser.mjs?v=355e4bb7:47
[   28963ms] [WARNING] %cssr:warn%c [Vue Router warn]: No match found for location with path "/dashboard" 
      background: #f39c12;
      border-radius: 0.5em;
      color: white;
      font-weight: bold;
      padding: 2px 0.5em;
      
  at warn$1 (/home/satont/Projects/twir/node_modules/.bun/vue-router@4.6.4+f899f459d7ee6a31/node_modules/vue-router/dist/devtools-EWN81iOl.mjs)
  at resolve (/home/satont/Projects/twir/node_modules/.bun/vue-router@4.6.4+f899f459d7ee6a31/node_modules/vue-router/dist/vue-router.mjs)
  at pushWithRedirect (/home/satont/Projects/twir/node_modules/.bun/vue-router@4.6.4+f899f459d7ee6a31/node_modules/vue-router/dist/vue-router.mjs)
 @ http://localhost:3010/_nuxt/@fs/home/satont/Projects/twir/node_modules/.bun/consola@3.4.2/node_modules/consola/dist/browser.mjs?v=355e4bb7:47
[   28966ms] [WARNING] [Vue Router warn]: No match found for location with path "/dashboard" @ http://localhost:3010/_nuxt/@fs/home/satont/Projects/twir/node_modules/.bun/vue-router@4.6.4+f899f459d7ee6a31/node_modules/vue-router/dist/devtools-EWN81iOl.mjs?v=355e4bb7:34
[   28967ms] [INFO] <Suspense> is an experimental feature and its API will likely change. @ http://localhost:3010/_nuxt/@fs/home/satont/Projects/twir/node_modules/.bun/@vue+runtime-core@3.5.25/node_modules/@vue/runtime-core/dist/runtime-core.esm-bundler.js?v=355e4bb7:7129
[   28993ms] [LOG] ✨ %cNuxt DevTools %c Press Shift + Alt + D to open DevTools color: black; border-radius: 3px 0 0 3px; padding: 2px 2px 1px 10px; background: #00DC82 border-radius: 0 3px 3px 0; padding: 2px 10px 1px 2px; background: #00DC8220  @ http://localhost:3010/_nuxt/@fs/home/satont/Projects/twir/node_modules/.bun/@nuxt+devtools@3.2.3+2bb41f1a115097e6/node_modules/@nuxt/devtools/dist/runtime/plugins/devtools.client.js?v=355e4bb7:51
[   29535ms] [ERROR] Failed to load resource: the server responded with a status of 404 () @ https://rybbit.twir.app/api/track:0
